Cross-validation will be performed.  Folds=5.
Parallel execution requested.  Will use 20 threads.
Random seed: 43
Point estimation method: Block relaxation algorithm
Convergence acceleration algorithm: QuasiNewton, 3 secant conditions
Point estimation will terminate when objective function delta < 1e-06
Estimation of standard errors disabled; will compute point estimates only.
****                   ADMIXTURE Version 1.23                   ****
****                    Copyright 2008-2013                     ****
****          David Alexander, John  Novembre, Ken Lange        ****
****                   Please cite our paper!                   ****
****   Information at www.genetics.ucla.edu/software/admixture  ****

Size of G: 87x178
Performing five EM steps to prime main algorithm
1 (EM) 	Elapsed: 0.003	Loglikelihood: -11540.7	(delta): 14313.4
2 (EM) 	Elapsed: 0	Loglikelihood: -11540.7	(delta): 3.63798e-12
3 (EM) 	Elapsed: 0	Loglikelihood: -11540.7	(delta): -3.63798e-12
4 (EM) 	Elapsed: 0	Loglikelihood: -11540.7	(delta): 0
5 (EM) 	Elapsed: 0	Loglikelihood: -11540.7	(delta): 1.81899e-12
Initial loglikelihood: -11540.7
Starting main algorithm
1 (QN/Block) 	Elapsed: 0.019	Loglikelihood: -11540.7	(delta): -1.81899e-12
2 (QN/Block) 	Elapsed: 0.026	Loglikelihood: -11540.7	(delta): 0
Summary: 
Converged in 2 iterations (0.081 sec)
Loglikelihood: -11540.708818
CV error (K=1): 0.53930
Writing output files.
