Cross-validation will be performed.  Folds=5.
Parallel execution requested.  Will use 20 threads.
Random seed: 43
Point estimation method: Block relaxation algorithm
Convergence acceleration algorithm: QuasiNewton, 3 secant conditions
Point estimation will terminate when objective function delta < 1e-06
Estimation of standard errors disabled; will compute point estimates only.
****                   ADMIXTURE Version 1.23                   ****
****                    Copyright 2008-2013                     ****
****          David Alexander, John  Novembre, Ken Lange        ****
****                   Please cite our paper!                   ****
****   Information at www.genetics.ucla.edu/software/admixture  ****

Size of G: 87x178
Performing five EM steps to prime main algorithm
1 (EM) 	Elapsed: 0	Loglikelihood: -12098.1	(delta): 7027.53
2 (EM) 	Elapsed: 0	Loglikelihood: -11552.7	(delta): 545.377
3 (EM) 	Elapsed: 0.001	Loglikelihood: -11403.8	(delta): 148.95
4 (EM) 	Elapsed: 0	Loglikelihood: -11298.9	(delta): 104.873
5 (EM) 	Elapsed: 0	Loglikelihood: -11206.8	(delta): 92.0472
Initial loglikelihood: -11206.8
Starting main algorithm
1 (QN/Block) 	Elapsed: 0.005	Loglikelihood: -9533.71	(delta): 1673.14
2 (QN/Block) 	Elapsed: 0.002	Loglikelihood: -8980.74	(delta): 552.972
3 (QN/Block) 	Elapsed: 0.003	Loglikelihood: -8787.5	(delta): 193.235
4 (QN/Block) 	Elapsed: 0.002	Loglikelihood: -8692.97	(delta): 94.527
5 (QN/Block) 	Elapsed: 0.003	Loglikelihood: -8637.49	(delta): 55.4879
6 (QN/Block) 	Elapsed: 0.003	Loglikelihood: -8609.9	(delta): 27.5909
7 (QN/Block) 	Elapsed: 0.002	Loglikelihood: -8597.6	(delta): 12.299
8 (QN/Block) 	Elapsed: 0.003	Loglikelihood: -8593.4	(delta): 4.20044
9 (QN/Block) 	Elapsed: 0.003	Loglikelihood: -8587.76	(delta): 5.63583
10 (QN/Block) 	Elapsed: 0.002	Loglikelihood: -8583.54	(delta): 4.21827
11 (QN/Block) 	Elapsed: 0.003	Loglikelihood: -8579.38	(delta): 4.16225
12 (QN/Block) 	Elapsed: 0.002	Loglikelihood: -8577.55	(delta): 1.82963
13 (QN/Block) 	Elapsed: 0.002	Loglikelihood: -8575.52	(delta): 2.03282
14 (QN/Block) 	Elapsed: 0.002	Loglikelihood: -8574.31	(delta): 1.20801
15 (QN/Block) 	Elapsed: 0.005	Loglikelihood: -8573.67	(delta): 0.637661
16 (QN/Block) 	Elapsed: 0.002	Loglikelihood: -8573.36	(delta): 0.312894
17 (QN/Block) 	Elapsed: 0.002	Loglikelihood: -8572.93	(delta): 0.429193
18 (QN/Block) 	Elapsed: 0.002	Loglikelihood: -8572.78	(delta): 0.152152
19 (QN/Block) 	Elapsed: 0.002	Loglikelihood: -8572.64	(delta): 0.134646
20 (QN/Block) 	Elapsed: 0.002	Loglikelihood: -8572.36	(delta): 0.280314
21 (QN/Block) 	Elapsed: 0.002	Loglikelihood: -8572.19	(delta): 0.168941
22 (QN/Block) 	Elapsed: 0.002	Loglikelihood: -8572.18	(delta): 0.0182163
23 (QN/Block) 	Elapsed: 0.004	Loglikelihood: -8572.17	(delta): 0.01014
24 (QN/Block) 	Elapsed: 0.002	Loglikelihood: -8572.16	(delta): 0.00253237
25 (QN/Block) 	Elapsed: 0.002	Loglikelihood: -8572.16	(delta): 0.00109731
26 (QN/Block) 	Elapsed: 0.015	Loglikelihood: -8572.16	(delta): 0.00105634
27 (QN/Block) 	Elapsed: 0.004	Loglikelihood: -8572.16	(delta): 0.0011939
28 (QN/Block) 	Elapsed: 0.005	Loglikelihood: -8572.16	(delta): 0.00136392
29 (QN/Block) 	Elapsed: 0.002	Loglikelihood: -8572.16	(delta): 0.00155789
30 (QN/Block) 	Elapsed: 0.002	Loglikelihood: -8572.16	(delta): 0.00177534
31 (QN/Block) 	Elapsed: 0.002	Loglikelihood: -8572.15	(delta): 0.00201748
32 (QN/Block) 	Elapsed: 0.002	Loglikelihood: -8572.15	(delta): 0.00228635
33 (QN/Block) 	Elapsed: 0.004	Loglikelihood: -8572.15	(delta): 0.00277482
34 (QN/Block) 	Elapsed: 0.002	Loglikelihood: -8572.14	(delta): 0.00393816
35 (QN/Block) 	Elapsed: 0.002	Loglikelihood: -8572.14	(delta): 0.00632123
36 (QN/Block) 	Elapsed: 0.002	Loglikelihood: -8572.13	(delta): 0.0103155
37 (QN/Block) 	Elapsed: 0.002	Loglikelihood: -8572.11	(delta): 0.0169197
38 (QN/Block) 	Elapsed: 0.002	Loglikelihood: -8572.08	(delta): 0.0272576
39 (QN/Block) 	Elapsed: 0.002	Loglikelihood: -8572.07	(delta): 0.010057
40 (QN/Block) 	Elapsed: 0.002	Loglikelihood: -8572.06	(delta): 0.00872855
41 (QN/Block) 	Elapsed: 0.002	Loglikelihood: -8572.06	(delta): 0.00482922
42 (QN/Block) 	Elapsed: 0.002	Loglikelihood: -8572.06	(delta): 0.00069081
43 (QN/Block) 	Elapsed: 0.005	Loglikelihood: -8572.06	(delta): 0.00049278
44 (QN/Block) 	Elapsed: 0.002	Loglikelihood: -8572.06	(delta): 0.000258362
45 (QN/Block) 	Elapsed: 0.002	Loglikelihood: -8572.06	(delta): 5.27201e-05
46 (QN/Block) 	Elapsed: 0.002	Loglikelihood: -8572.06	(delta): 1.87109e-05
47 (QN/Block) 	Elapsed: 0.002	Loglikelihood: -8572.06	(delta): 7.24372e-06
48 (QN/Block) 	Elapsed: 0.002	Loglikelihood: -8572.06	(delta): 1.68714e-06
49 (QN/Block) 	Elapsed: 0.002	Loglikelihood: -8572.06	(delta): 1.57166e-06
50 (QN/Block) 	Elapsed: 0.011	Loglikelihood: -8572.06	(delta): 4.25587e-07
Summary: 
Converged in 50 iterations (0.184 sec)
Loglikelihood: -8572.058206
Fst divergences between estimated populations: 
	Pop0	Pop1	Pop2	Pop3	Pop4	Pop5	Pop6	Pop7	Pop8	
Pop0	
Pop1	0.318	
Pop2	0.324	0.262	
Pop3	0.343	0.204	0.287	
Pop4	0.194	0.285	0.315	0.329	
Pop5	0.354	0.274	0.317	0.324	0.314	
Pop6	0.319	0.202	0.297	0.250	0.304	0.335	
Pop7	0.284	0.196	0.238	0.259	0.279	0.300	0.222	
Pop8	0.273	0.190	0.194	0.235	0.277	0.288	0.243	0.202	
Pop9	0.191	0.316	0.303	0.341	0.200	0.358	0.353	0.285	0.254	
CV error (K=10): 0.64219
Writing output files.
