Cross-validation will be performed.  Folds=5.
Parallel execution requested.  Will use 20 threads.
Random seed: 43
Point estimation method: Block relaxation algorithm
Convergence acceleration algorithm: QuasiNewton, 3 secant conditions
Point estimation will terminate when objective function delta < 1e-06
Estimation of standard errors disabled; will compute point estimates only.
****                   ADMIXTURE Version 1.23                   ****
****                    Copyright 2008-2013                     ****
****          David Alexander, John  Novembre, Ken Lange        ****
****                   Please cite our paper!                   ****
****   Information at www.genetics.ucla.edu/software/admixture  ****

Size of G: 87x178
Performing five EM steps to prime main algorithm
1 (EM) 	Elapsed: 0	Loglikelihood: -12086.1	(delta): 11275.2
2 (EM) 	Elapsed: 0	Loglikelihood: -11660.6	(delta): 425.526
3 (EM) 	Elapsed: 0	Loglikelihood: -11552.6	(delta): 107.982
4 (EM) 	Elapsed: 0	Loglikelihood: -11499.1	(delta): 53.5237
5 (EM) 	Elapsed: 0	Loglikelihood: -11470.5	(delta): 28.6024
Initial loglikelihood: -11470.5
Starting main algorithm
1 (QN/Block) 	Elapsed: 0.01	Loglikelihood: -10987.8	(delta): 482.666
2 (QN/Block) 	Elapsed: 0	Loglikelihood: -10378.5	(delta): 609.34
3 (QN/Block) 	Elapsed: 0.001	Loglikelihood: -10286.6	(delta): 91.8438
4 (QN/Block) 	Elapsed: 0.001	Loglikelihood: -10260.8	(delta): 25.7997
5 (QN/Block) 	Elapsed: 0	Loglikelihood: -10249.1	(delta): 11.732
6 (QN/Block) 	Elapsed: 0.001	Loglikelihood: -10248.3	(delta): 0.827402
7 (QN/Block) 	Elapsed: 0.001	Loglikelihood: -10248.3	(delta): 0.000764792
8 (QN/Block) 	Elapsed: 0.001	Loglikelihood: -10248.3	(delta): 0.000452935
9 (QN/Block) 	Elapsed: 0.003	Loglikelihood: -10248.3	(delta): 0.000473419
10 (QN/Block) 	Elapsed: 0.001	Loglikelihood: -10248.3	(delta): 0.000539803
11 (QN/Block) 	Elapsed: 0.001	Loglikelihood: -10248.3	(delta): 0.000615659
12 (QN/Block) 	Elapsed: 0.001	Loglikelihood: -10248.3	(delta): 0.00070237
13 (QN/Block) 	Elapsed: 0.001	Loglikelihood: -10248.3	(delta): 0.00080153
14 (QN/Block) 	Elapsed: 0.001	Loglikelihood: -10248.3	(delta): 0.000914975
15 (QN/Block) 	Elapsed: 0.001	Loglikelihood: -10248.3	(delta): 0.00104483
16 (QN/Block) 	Elapsed: 0.001	Loglikelihood: -10248.3	(delta): 0.00119353
17 (QN/Block) 	Elapsed: 0.001	Loglikelihood: -10248.3	(delta): 0.0013639
18 (QN/Block) 	Elapsed: 0.001	Loglikelihood: -10248.3	(delta): 0.00155921
19 (QN/Block) 	Elapsed: 0.001	Loglikelihood: -10248.3	(delta): 0.000699144
20 (QN/Block) 	Elapsed: 0.001	Loglikelihood: -10248.3	(delta): 4.65297e-09
Summary: 
Converged in 20 iterations (0.046 sec)
Loglikelihood: -10248.257568
Fst divergences between estimated populations: 
	Pop0	
Pop0	
Pop1	0.146	
CV error (K=2): 0.46548
Writing output files.
