Cross-validation will be performed.  Folds=5.
Parallel execution requested.  Will use 20 threads.
Random seed: 43
Point estimation method: Block relaxation algorithm
Convergence acceleration algorithm: QuasiNewton, 3 secant conditions
Point estimation will terminate when objective function delta < 1e-06
Estimation of standard errors disabled; will compute point estimates only.
****                   ADMIXTURE Version 1.23                   ****
****                    Copyright 2008-2013                     ****
****          David Alexander, John  Novembre, Ken Lange        ****
****                   Please cite our paper!                   ****
****   Information at www.genetics.ucla.edu/software/admixture  ****

Size of G: 87x178
Performing five EM steps to prime main algorithm
1 (EM) 	Elapsed: 0.002	Loglikelihood: -12193	(delta): 8789.39
2 (EM) 	Elapsed: 0	Loglikelihood: -11685.8	(delta): 507.2
3 (EM) 	Elapsed: 0	Loglikelihood: -11520.6	(delta): 165.224
4 (EM) 	Elapsed: 0	Loglikelihood: -11423.8	(delta): 96.7967
5 (EM) 	Elapsed: 0	Loglikelihood: -11351.5	(delta): 72.2773
Initial loglikelihood: -11351.5
Starting main algorithm
1 (QN/Block) 	Elapsed: 0.037	Loglikelihood: -10220.4	(delta): 1131.16
2 (QN/Block) 	Elapsed: 0.054	Loglikelihood: -9860.87	(delta): 359.488
3 (QN/Block) 	Elapsed: 0.066	Loglikelihood: -9816.67	(delta): 44.1927
4 (QN/Block) 	Elapsed: 0.029	Loglikelihood: -9797.28	(delta): 19.3906
5 (QN/Block) 	Elapsed: 0.005	Loglikelihood: -9790.71	(delta): 6.57429
6 (QN/Block) 	Elapsed: 0.007	Loglikelihood: -9790.66	(delta): 0.0476527
7 (QN/Block) 	Elapsed: 0.007	Loglikelihood: -9790.66	(delta): 0.00115407
8 (QN/Block) 	Elapsed: 0.005	Loglikelihood: -9790.66	(delta): 0.00149141
9 (QN/Block) 	Elapsed: 0.005	Loglikelihood: -9790.66	(delta): 0.00216967
10 (QN/Block) 	Elapsed: 0.004	Loglikelihood: -9790.65	(delta): 0.00322566
11 (QN/Block) 	Elapsed: 0.003	Loglikelihood: -9790.65	(delta): 0.00479192
12 (QN/Block) 	Elapsed: 0.003	Loglikelihood: -9790.64	(delta): 0.00706461
13 (QN/Block) 	Elapsed: 0.005	Loglikelihood: -9790.63	(delta): 0.0103062
14 (QN/Block) 	Elapsed: 0.003	Loglikelihood: -9790.62	(delta): 0.0148572
15 (QN/Block) 	Elapsed: 0.003	Loglikelihood: -9790.59	(delta): 0.0211634
16 (QN/Block) 	Elapsed: 0.001	Loglikelihood: -9790.56	(delta): 0.0298468
17 (QN/Block) 	Elapsed: 0.002	Loglikelihood: -9790.53	(delta): 0.0386167
18 (QN/Block) 	Elapsed: 0.002	Loglikelihood: -9790.5	(delta): 0.0295492
19 (QN/Block) 	Elapsed: 0.003	Loglikelihood: -9790.48	(delta): 0.0212253
20 (QN/Block) 	Elapsed: 0.004	Loglikelihood: -9790.46	(delta): 0.0199412
21 (QN/Block) 	Elapsed: 0.073	Loglikelihood: -9790.45	(delta): 0.00243751
22 (QN/Block) 	Elapsed: 0.033	Loglikelihood: -9790.45	(delta): 3.93922e-05
23 (QN/Block) 	Elapsed: 0.003	Loglikelihood: -9790.45	(delta): 8.36835e-07
Summary: 
Converged in 23 iterations (0.451 sec)
Loglikelihood: -9790.452952
Fst divergences between estimated populations: 
	Pop0	Pop1	
Pop0	
Pop1	0.162	
Pop2	0.109	0.178	
CV error (K=3): 0.47994
Writing output files.
