Cross-validation will be performed.  Folds=5.
Parallel execution requested.  Will use 20 threads.
Random seed: 43
Point estimation method: Block relaxation algorithm
Convergence acceleration algorithm: QuasiNewton, 3 secant conditions
Point estimation will terminate when objective function delta < 1e-06
Estimation of standard errors disabled; will compute point estimates only.
****                   ADMIXTURE Version 1.23                   ****
****                    Copyright 2008-2013                     ****
****          David Alexander, John  Novembre, Ken Lange        ****
****                   Please cite our paper!                   ****
****   Information at www.genetics.ucla.edu/software/admixture  ****

Size of G: 87x178
Performing five EM steps to prime main algorithm
1 (EM) 	Elapsed: 0.007	Loglikelihood: -12184.6	(delta): 8416.11
2 (EM) 	Elapsed: 0.008	Loglikelihood: -11683.1	(delta): 501.541
3 (EM) 	Elapsed: 0.012	Loglikelihood: -11544.9	(delta): 138.17
4 (EM) 	Elapsed: 0.01	Loglikelihood: -11459.8	(delta): 85.0681
5 (EM) 	Elapsed: 0.01	Loglikelihood: -11398.2	(delta): 61.6144
Initial loglikelihood: -11398.2
Starting main algorithm
1 (QN/Block) 	Elapsed: 0.062	Loglikelihood: -10465.7	(delta): 932.518
2 (QN/Block) 	Elapsed: 0.031	Loglikelihood: -9932.64	(delta): 533.046
3 (QN/Block) 	Elapsed: 0.054	Loglikelihood: -9742.53	(delta): 190.105
4 (QN/Block) 	Elapsed: 0.055	Loglikelihood: -9662.42	(delta): 80.1173
5 (QN/Block) 	Elapsed: 0.05	Loglikelihood: -9629.92	(delta): 32.496
6 (QN/Block) 	Elapsed: 0.055	Loglikelihood: -9615.51	(delta): 14.4152
7 (QN/Block) 	Elapsed: 0.029	Loglikelihood: -9611.11	(delta): 4.39557
8 (QN/Block) 	Elapsed: 0.001	Loglikelihood: -9608.31	(delta): 2.80333
9 (QN/Block) 	Elapsed: 0.001	Loglikelihood: -9606.44	(delta): 1.86468
10 (QN/Block) 	Elapsed: 0.002	Loglikelihood: -9605.48	(delta): 0.962949
11 (QN/Block) 	Elapsed: 0.001	Loglikelihood: -9605.27	(delta): 0.206942
12 (QN/Block) 	Elapsed: 0.001	Loglikelihood: -9605.17	(delta): 0.107034
13 (QN/Block) 	Elapsed: 0.001	Loglikelihood: -9605.16	(delta): 0.00623171
14 (QN/Block) 	Elapsed: 0.001	Loglikelihood: -9605.16	(delta): 0.00218922
15 (QN/Block) 	Elapsed: 0.001	Loglikelihood: -9605.16	(delta): 0.000192084
16 (QN/Block) 	Elapsed: 0.001	Loglikelihood: -9605.16	(delta): 9.77167e-06
17 (QN/Block) 	Elapsed: 0.028	Loglikelihood: -9605.16	(delta): 7.26632e-08
Summary: 
Converged in 17 iterations (0.538 sec)
Loglikelihood: -9605.157007
Fst divergences between estimated populations: 
	Pop0	Pop1	Pop2	
Pop0	
Pop1	0.208	
Pop2	0.197	0.159	
Pop3	0.111	0.205	0.235	
CV error (K=4): 0.50535
Writing output files.
