Cross-validation will be performed.  Folds=5.
Parallel execution requested.  Will use 20 threads.
Random seed: 43
Point estimation method: Block relaxation algorithm
Convergence acceleration algorithm: QuasiNewton, 3 secant conditions
Point estimation will terminate when objective function delta < 1e-06
Estimation of standard errors disabled; will compute point estimates only.
****                   ADMIXTURE Version 1.23                   ****
****                    Copyright 2008-2013                     ****
****          David Alexander, John  Novembre, Ken Lange        ****
****                   Please cite our paper!                   ****
****   Information at www.genetics.ucla.edu/software/admixture  ****

Size of G: 87x178
Performing five EM steps to prime main algorithm
1 (EM) 	Elapsed: 0	Loglikelihood: -12139.5	(delta): 7707.14
2 (EM) 	Elapsed: 0.001	Loglikelihood: -11614.4	(delta): 525.105
3 (EM) 	Elapsed: 0	Loglikelihood: -11447.4	(delta): 166.955
4 (EM) 	Elapsed: 0	Loglikelihood: -11329.8	(delta): 117.578
5 (EM) 	Elapsed: 0	Loglikelihood: -11226.9	(delta): 102.92
Initial loglikelihood: -11226.9
Starting main algorithm
1 (QN/Block) 	Elapsed: 0.006	Loglikelihood: -9783.43	(delta): 1443.49
2 (QN/Block) 	Elapsed: 0.001	Loglikelihood: -9465.4	(delta): 318.028
3 (QN/Block) 	Elapsed: 0.01	Loglikelihood: -9359.54	(delta): 105.865
4 (QN/Block) 	Elapsed: 0.002	Loglikelihood: -9257.89	(delta): 101.646
5 (QN/Block) 	Elapsed: 0.002	Loglikelihood: -9228.76	(delta): 29.1339
6 (QN/Block) 	Elapsed: 0.003	Loglikelihood: -9209.24	(delta): 19.5219
7 (QN/Block) 	Elapsed: 0.001	Loglikelihood: -9198.11	(delta): 11.128
8 (QN/Block) 	Elapsed: 0.001	Loglikelihood: -9194.61	(delta): 3.4971
9 (QN/Block) 	Elapsed: 0.001	Loglikelihood: -9190.98	(delta): 3.63167
10 (QN/Block) 	Elapsed: 0.001	Loglikelihood: -9185.65	(delta): 5.32516
11 (QN/Block) 	Elapsed: 0.001	Loglikelihood: -9177.75	(delta): 7.90172
12 (QN/Block) 	Elapsed: 0.001	Loglikelihood: -9172.24	(delta): 5.50817
13 (QN/Block) 	Elapsed: 0.001	Loglikelihood: -9164.3	(delta): 7.94274
14 (QN/Block) 	Elapsed: 0.002	Loglikelihood: -9161.36	(delta): 2.93836
15 (QN/Block) 	Elapsed: 0.002	Loglikelihood: -9159.42	(delta): 1.93975
16 (QN/Block) 	Elapsed: 0.001	Loglikelihood: -9158.63	(delta): 0.791426
17 (QN/Block) 	Elapsed: 0.002	Loglikelihood: -9157.75	(delta): 0.880697
18 (QN/Block) 	Elapsed: 0.001	Loglikelihood: -9157.23	(delta): 0.523972
19 (QN/Block) 	Elapsed: 0.001	Loglikelihood: -9156.72	(delta): 0.506101
20 (QN/Block) 	Elapsed: 0.004	Loglikelihood: -9156.55	(delta): 0.167348
21 (QN/Block) 	Elapsed: 0.002	Loglikelihood: -9156.34	(delta): 0.214681
22 (QN/Block) 	Elapsed: 0.001	Loglikelihood: -9156.22	(delta): 0.115261
23 (QN/Block) 	Elapsed: 0.001	Loglikelihood: -9156.05	(delta): 0.17148
24 (QN/Block) 	Elapsed: 0.003	Loglikelihood: -9155.85	(delta): 0.201094
25 (QN/Block) 	Elapsed: 0.002	Loglikelihood: -9155.68	(delta): 0.174126
26 (QN/Block) 	Elapsed: 0.001	Loglikelihood: -9155.28	(delta): 0.398966
27 (QN/Block) 	Elapsed: 0.001	Loglikelihood: -9154.58	(delta): 0.697044
28 (QN/Block) 	Elapsed: 0.003	Loglikelihood: -9154.23	(delta): 0.351315
29 (QN/Block) 	Elapsed: 0.002	Loglikelihood: -9153.12	(delta): 1.11391
30 (QN/Block) 	Elapsed: 0.003	Loglikelihood: -9151.83	(delta): 1.28153
31 (QN/Block) 	Elapsed: 0.002	Loglikelihood: -9148.29	(delta): 3.54668
32 (QN/Block) 	Elapsed: 0.015	Loglikelihood: -9145.05	(delta): 3.23951
33 (QN/Block) 	Elapsed: 0.005	Loglikelihood: -9143.04	(delta): 2.00453
34 (QN/Block) 	Elapsed: 0.014	Loglikelihood: -9140.35	(delta): 2.69071
35 (QN/Block) 	Elapsed: 0.003	Loglikelihood: -9137.75	(delta): 2.60642
36 (QN/Block) 	Elapsed: 0.003	Loglikelihood: -9136.26	(delta): 1.4828
37 (QN/Block) 	Elapsed: 0.026	Loglikelihood: -9135.31	(delta): 0.952966
38 (QN/Block) 	Elapsed: 0.003	Loglikelihood: -9133.91	(delta): 1.39838
39 (QN/Block) 	Elapsed: 0.004	Loglikelihood: -9132.14	(delta): 1.77383
40 (QN/Block) 	Elapsed: 0.011	Loglikelihood: -9131.45	(delta): 0.691203
41 (QN/Block) 	Elapsed: 0.001	Loglikelihood: -9130.97	(delta): 0.477282
42 (QN/Block) 	Elapsed: 0.006	Loglikelihood: -9130.36	(delta): 0.61251
43 (QN/Block) 	Elapsed: 0.008	Loglikelihood: -9130.01	(delta): 0.347408
44 (QN/Block) 	Elapsed: 0.003	Loglikelihood: -9129.61	(delta): 0.399244
45 (QN/Block) 	Elapsed: 0.005	Loglikelihood: -9129.37	(delta): 0.240175
46 (QN/Block) 	Elapsed: 0.001	Loglikelihood: -9129.31	(delta): 0.0607212
47 (QN/Block) 	Elapsed: 0.011	Loglikelihood: -9129.24	(delta): 0.0703317
48 (QN/Block) 	Elapsed: 0.009	Loglikelihood: -9129.22	(delta): 0.0223202
49 (QN/Block) 	Elapsed: 0.001	Loglikelihood: -9129.07	(delta): 0.152045
50 (QN/Block) 	Elapsed: 0.007	Loglikelihood: -9128.16	(delta): 0.906625
51 (QN/Block) 	Elapsed: 0.004	Loglikelihood: -9127.59	(delta): 0.564316
52 (QN/Block) 	Elapsed: 0.019	Loglikelihood: -9127.15	(delta): 0.441952
53 (QN/Block) 	Elapsed: 0.001	Loglikelihood: -9126.65	(delta): 0.503171
54 (QN/Block) 	Elapsed: 0.001	Loglikelihood: -9126.13	(delta): 0.517849
55 (QN/Block) 	Elapsed: 0.019	Loglikelihood: -9125.98	(delta): 0.154551
56 (QN/Block) 	Elapsed: 0.002	Loglikelihood: -9125.8	(delta): 0.17761
57 (QN/Block) 	Elapsed: 0.001	Loglikelihood: -9125.69	(delta): 0.109799
58 (QN/Block) 	Elapsed: 0.001	Loglikelihood: -9125.59	(delta): 0.104508
59 (QN/Block) 	Elapsed: 0.001	Loglikelihood: -9125.53	(delta): 0.0543583
60 (QN/Block) 	Elapsed: 0.001	Loglikelihood: -9125.48	(delta): 0.0512143
61 (QN/Block) 	Elapsed: 0.011	Loglikelihood: -9125.43	(delta): 0.0495487
62 (QN/Block) 	Elapsed: 0.001	Loglikelihood: -9125.32	(delta): 0.105337
63 (QN/Block) 	Elapsed: 0.006	Loglikelihood: -9125.15	(delta): 0.172004
64 (QN/Block) 	Elapsed: 0.001	Loglikelihood: -9125.06	(delta): 0.0898597
65 (QN/Block) 	Elapsed: 0.001	Loglikelihood: -9124.95	(delta): 0.107921
66 (QN/Block) 	Elapsed: 0.001	Loglikelihood: -9124.91	(delta): 0.042189
67 (QN/Block) 	Elapsed: 0.001	Loglikelihood: -9124.89	(delta): 0.0190418
68 (QN/Block) 	Elapsed: 0.001	Loglikelihood: -9124.89	(delta): 0.00744331
69 (QN/Block) 	Elapsed: 0.001	Loglikelihood: -9124.88	(delta): 0.0103106
70 (QN/Block) 	Elapsed: 0.001	Loglikelihood: -9124.87	(delta): 0.000902163
71 (QN/Block) 	Elapsed: 0.001	Loglikelihood: -9124.87	(delta): 0.00129453
72 (QN/Block) 	Elapsed: 0.001	Loglikelihood: -9124.87	(delta): 0.000474044
73 (QN/Block) 	Elapsed: 0.001	Loglikelihood: -9124.87	(delta): 0.000854189
74 (QN/Block) 	Elapsed: 0.001	Loglikelihood: -9124.87	(delta): 0.000127495
75 (QN/Block) 	Elapsed: 0.001	Loglikelihood: -9124.87	(delta): 8.39294e-05
76 (QN/Block) 	Elapsed: 0.001	Loglikelihood: -9124.87	(delta): 7.54547e-05
77 (QN/Block) 	Elapsed: 0.001	Loglikelihood: -9124.87	(delta): 0.000142373
78 (QN/Block) 	Elapsed: 0.001	Loglikelihood: -9124.87	(delta): 3.26039e-05
79 (QN/Block) 	Elapsed: 0.001	Loglikelihood: -9124.87	(delta): 3.86005e-05
80 (QN/Block) 	Elapsed: 0.001	Loglikelihood: -9124.87	(delta): 3.07101e-05
81 (QN/Block) 	Elapsed: 0.001	Loglikelihood: -9124.87	(delta): 2.29759e-05
82 (QN/Block) 	Elapsed: 0.001	Loglikelihood: -9124.87	(delta): 1.7409e-05
83 (QN/Block) 	Elapsed: 0.001	Loglikelihood: -9124.87	(delta): 9.02409e-06
84 (QN/Block) 	Elapsed: 0.001	Loglikelihood: -9124.87	(delta): 9.40107e-06
85 (QN/Block) 	Elapsed: 0.001	Loglikelihood: -9124.87	(delta): 5.91641e-06
86 (QN/Block) 	Elapsed: 0.001	Loglikelihood: -9124.87	(delta): 3.40658e-06
87 (QN/Block) 	Elapsed: 0.001	Loglikelihood: -9124.87	(delta): 2.18877e-06
88 (QN/Block) 	Elapsed: 0.001	Loglikelihood: -9124.87	(delta): 1.33784e-06
89 (QN/Block) 	Elapsed: 0.001	Loglikelihood: -9124.87	(delta): 1.13398e-06
90 (QN/Block) 	Elapsed: 0.001	Loglikelihood: -9124.87	(delta): 8.83698e-07
Summary: 
Converged in 90 iterations (0.359 sec)
Loglikelihood: -9124.871654
Fst divergences between estimated populations: 
	Pop0	Pop1	Pop2	Pop3	Pop4	
Pop0	
Pop1	0.343	
Pop2	0.334	0.175	
Pop3	0.326	0.219	0.119	
Pop4	0.317	0.230	0.166	0.132	
Pop5	0.366	0.257	0.188	0.250	0.248	
CV error (K=6): 0.54295
Writing output files.
