Cross-validation will be performed.  Folds=5.
Parallel execution requested.  Will use 20 threads.
Random seed: 43
Point estimation method: Block relaxation algorithm
Convergence acceleration algorithm: QuasiNewton, 3 secant conditions
Point estimation will terminate when objective function delta < 1e-06
Estimation of standard errors disabled; will compute point estimates only.
****                   ADMIXTURE Version 1.23                   ****
****                    Copyright 2008-2013                     ****
****          David Alexander, John  Novembre, Ken Lange        ****
****                   Please cite our paper!                   ****
****   Information at www.genetics.ucla.edu/software/admixture  ****

Size of G: 87x178
Performing five EM steps to prime main algorithm
1 (EM) 	Elapsed: 0.004	Loglikelihood: -12102.5	(delta): 7165.35
2 (EM) 	Elapsed: 0	Loglikelihood: -11610.8	(delta): 491.718
3 (EM) 	Elapsed: 0	Loglikelihood: -11457.4	(delta): 153.424
4 (EM) 	Elapsed: 0	Loglikelihood: -11347.9	(delta): 109.439
5 (EM) 	Elapsed: 0	Loglikelihood: -11253	(delta): 94.9392
Initial loglikelihood: -11253
Starting main algorithm
1 (QN/Block) 	Elapsed: 0.014	Loglikelihood: -9775.62	(delta): 1477.37
2 (QN/Block) 	Elapsed: 0.001	Loglikelihood: -9352.8	(delta): 422.815
3 (QN/Block) 	Elapsed: 0.004	Loglikelihood: -9166.56	(delta): 186.241
4 (QN/Block) 	Elapsed: 0.002	Loglikelihood: -9012.92	(delta): 153.641
5 (QN/Block) 	Elapsed: 0.002	Loglikelihood: -8973.43	(delta): 39.4863
6 (QN/Block) 	Elapsed: 0.001	Loglikelihood: -8963.95	(delta): 9.47714
7 (QN/Block) 	Elapsed: 0.001	Loglikelihood: -8960.37	(delta): 3.58617
8 (QN/Block) 	Elapsed: 0.001	Loglikelihood: -8958.59	(delta): 1.77609
9 (QN/Block) 	Elapsed: 0.003	Loglikelihood: -8956.99	(delta): 1.59835
10 (QN/Block) 	Elapsed: 0.004	Loglikelihood: -8956.06	(delta): 0.935512
11 (QN/Block) 	Elapsed: 0.001	Loglikelihood: -8955.22	(delta): 0.840958
12 (QN/Block) 	Elapsed: 0.001	Loglikelihood: -8954.12	(delta): 1.10159
13 (QN/Block) 	Elapsed: 0.001	Loglikelihood: -8953.89	(delta): 0.224921
14 (QN/Block) 	Elapsed: 0.001	Loglikelihood: -8953.72	(delta): 0.173048
15 (QN/Block) 	Elapsed: 0.002	Loglikelihood: -8953.29	(delta): 0.427961
16 (QN/Block) 	Elapsed: 0.007	Loglikelihood: -8951.6	(delta): 1.69307
17 (QN/Block) 	Elapsed: 0.004	Loglikelihood: -8950.92	(delta): 0.680242
18 (QN/Block) 	Elapsed: 0.002	Loglikelihood: -8950.53	(delta): 0.387639
19 (QN/Block) 	Elapsed: 0.002	Loglikelihood: -8949.72	(delta): 0.8069
20 (QN/Block) 	Elapsed: 0.002	Loglikelihood: -8948.81	(delta): 0.907636
21 (QN/Block) 	Elapsed: 0.002	Loglikelihood: -8948.05	(delta): 0.763047
22 (QN/Block) 	Elapsed: 0.001	Loglikelihood: -8947.88	(delta): 0.175607
23 (QN/Block) 	Elapsed: 0.001	Loglikelihood: -8947.75	(delta): 0.123914
24 (QN/Block) 	Elapsed: 0.001	Loglikelihood: -8947.69	(delta): 0.0618137
25 (QN/Block) 	Elapsed: 0.001	Loglikelihood: -8947.65	(delta): 0.0429595
26 (QN/Block) 	Elapsed: 0.001	Loglikelihood: -8947.63	(delta): 0.0216333
27 (QN/Block) 	Elapsed: 0.004	Loglikelihood: -8947.56	(delta): 0.0670029
28 (QN/Block) 	Elapsed: 0.002	Loglikelihood: -8947.51	(delta): 0.0512477
29 (QN/Block) 	Elapsed: 0.002	Loglikelihood: -8947.44	(delta): 0.0659007
30 (QN/Block) 	Elapsed: 0.002	Loglikelihood: -8947.29	(delta): 0.147209
31 (QN/Block) 	Elapsed: 0.001	Loglikelihood: -8947.18	(delta): 0.113452
32 (QN/Block) 	Elapsed: 0.001	Loglikelihood: -8947.18	(delta): 0.00229091
33 (QN/Block) 	Elapsed: 0.001	Loglikelihood: -8947.17	(delta): 0.00385787
34 (QN/Block) 	Elapsed: 0.001	Loglikelihood: -8947.17	(delta): 0.00274032
35 (QN/Block) 	Elapsed: 0.001	Loglikelihood: -8947.17	(delta): 0.00240666
36 (QN/Block) 	Elapsed: 0.001	Loglikelihood: -8947.17	(delta): 0.000555892
37 (QN/Block) 	Elapsed: 0.001	Loglikelihood: -8947.17	(delta): 5.41996e-05
38 (QN/Block) 	Elapsed: 0.001	Loglikelihood: -8947.17	(delta): 1.704e-05
39 (QN/Block) 	Elapsed: 0.001	Loglikelihood: -8947.17	(delta): 2.26673e-06
40 (QN/Block) 	Elapsed: 0.001	Loglikelihood: -8947.17	(delta): 6.76737e-08
Summary: 
Converged in 40 iterations (0.12 sec)
Loglikelihood: -8947.169035
Fst divergences between estimated populations: 
	Pop0	Pop1	Pop2	Pop3	Pop4	Pop5	
Pop0	
Pop1	0.276	
Pop2	0.239	0.285	
Pop3	0.255	0.137	0.278	
Pop4	0.143	0.267	0.234	0.224	
Pop5	0.161	0.207	0.171	0.211	0.123	
Pop6	0.181	0.262	0.224	0.202	0.158	0.172	
CV error (K=7): 0.58680
Writing output files.
