Cross-validation will be performed.  Folds=5.
Parallel execution requested.  Will use 20 threads.
Random seed: 43
Point estimation method: Block relaxation algorithm
Convergence acceleration algorithm: QuasiNewton, 3 secant conditions
Point estimation will terminate when objective function delta < 1e-06
Estimation of standard errors disabled; will compute point estimates only.
****                   ADMIXTURE Version 1.23                   ****
****                    Copyright 2008-2013                     ****
****          David Alexander, John  Novembre, Ken Lange        ****
****                   Please cite our paper!                   ****
****   Information at www.genetics.ucla.edu/software/admixture  ****

Size of G: 87x178
Performing five EM steps to prime main algorithm
1 (EM) 	Elapsed: 0	Loglikelihood: -12097.7	(delta): 7119.34
2 (EM) 	Elapsed: 0	Loglikelihood: -11569.8	(delta): 527.948
3 (EM) 	Elapsed: 0	Loglikelihood: -11417.2	(delta): 152.583
4 (EM) 	Elapsed: 0	Loglikelihood: -11305.4	(delta): 111.83
5 (EM) 	Elapsed: 0	Loglikelihood: -11204.2	(delta): 101.12
Initial loglikelihood: -11204.2
Starting main algorithm
1 (QN/Block) 	Elapsed: 0.004	Loglikelihood: -9654.99	(delta): 1549.26
2 (QN/Block) 	Elapsed: 0.002	Loglikelihood: -9174.81	(delta): 480.176
3 (QN/Block) 	Elapsed: 0.004	Loglikelihood: -9006.66	(delta): 168.153
4 (QN/Block) 	Elapsed: 0.002	Loglikelihood: -8931.94	(delta): 74.7148
5 (QN/Block) 	Elapsed: 0.002	Loglikelihood: -8902.17	(delta): 29.7695
6 (QN/Block) 	Elapsed: 0.002	Loglikelihood: -8878.4	(delta): 23.774
7 (QN/Block) 	Elapsed: 0.002	Loglikelihood: -8865.95	(delta): 12.4459
8 (QN/Block) 	Elapsed: 0.001	Loglikelihood: -8856.92	(delta): 9.03544
9 (QN/Block) 	Elapsed: 0.003	Loglikelihood: -8848.22	(delta): 8.70052
10 (QN/Block) 	Elapsed: 0.001	Loglikelihood: -8845.37	(delta): 2.85169
11 (QN/Block) 	Elapsed: 0.002	Loglikelihood: -8844.5	(delta): 0.865354
12 (QN/Block) 	Elapsed: 0.002	Loglikelihood: -8844.08	(delta): 0.420315
13 (QN/Block) 	Elapsed: 0.002	Loglikelihood: -8843.78	(delta): 0.301329
14 (QN/Block) 	Elapsed: 0.002	Loglikelihood: -8843.38	(delta): 0.39739
15 (QN/Block) 	Elapsed: 0.003	Loglikelihood: -8842.91	(delta): 0.474756
16 (QN/Block) 	Elapsed: 0.002	Loglikelihood: -8842.52	(delta): 0.383673
17 (QN/Block) 	Elapsed: 0.002	Loglikelihood: -8842.21	(delta): 0.311494
18 (QN/Block) 	Elapsed: 0.001	Loglikelihood: -8841.87	(delta): 0.34583
19 (QN/Block) 	Elapsed: 0.002	Loglikelihood: -8841.55	(delta): 0.317483
20 (QN/Block) 	Elapsed: 0.002	Loglikelihood: -8841.13	(delta): 0.420794
21 (QN/Block) 	Elapsed: 0.002	Loglikelihood: -8840.91	(delta): 0.213025
22 (QN/Block) 	Elapsed: 0.005	Loglikelihood: -8840.35	(delta): 0.564726
23 (QN/Block) 	Elapsed: 0.004	Loglikelihood: -8839.89	(delta): 0.461695
24 (QN/Block) 	Elapsed: 0.005	Loglikelihood: -8839.82	(delta): 0.0634538
25 (QN/Block) 	Elapsed: 0.003	Loglikelihood: -8839.79	(delta): 0.0314388
26 (QN/Block) 	Elapsed: 0.003	Loglikelihood: -8839.78	(delta): 0.0167643
27 (QN/Block) 	Elapsed: 0.003	Loglikelihood: -8839.75	(delta): 0.0300328
28 (QN/Block) 	Elapsed: 0.002	Loglikelihood: -8839.7	(delta): 0.0496704
29 (QN/Block) 	Elapsed: 0.002	Loglikelihood: -8839.56	(delta): 0.136689
30 (QN/Block) 	Elapsed: 0.002	Loglikelihood: -8839.22	(delta): 0.343662
31 (QN/Block) 	Elapsed: 0.002	Loglikelihood: -8838.97	(delta): 0.245921
32 (QN/Block) 	Elapsed: 0.002	Loglikelihood: -8838.91	(delta): 0.0650283
33 (QN/Block) 	Elapsed: 0.002	Loglikelihood: -8838.86	(delta): 0.0506173
34 (QN/Block) 	Elapsed: 0.002	Loglikelihood: -8838.78	(delta): 0.0717397
35 (QN/Block) 	Elapsed: 0.003	Loglikelihood: -8838.68	(delta): 0.10747
36 (QN/Block) 	Elapsed: 0.003	Loglikelihood: -8838.65	(delta): 0.0268647
37 (QN/Block) 	Elapsed: 0.001	Loglikelihood: -8838.65	(delta): 0.00306216
38 (QN/Block) 	Elapsed: 0.002	Loglikelihood: -8838.65	(delta): 0.000372084
39 (QN/Block) 	Elapsed: 0.001	Loglikelihood: -8838.65	(delta): 1.6819e-05
40 (QN/Block) 	Elapsed: 0.001	Loglikelihood: -8838.65	(delta): 1.66773e-06
41 (QN/Block) 	Elapsed: 0.002	Loglikelihood: -8838.65	(delta): 3.84298e-08
Summary: 
Converged in 41 iterations (0.122 sec)
Loglikelihood: -8838.645625
Fst divergences between estimated populations: 
	Pop0	Pop1	Pop2	Pop3	Pop4	Pop5	Pop6	
Pop0	
Pop1	0.285	
Pop2	0.299	0.139	
Pop3	0.179	0.247	0.273	
Pop4	0.263	0.159	0.177	0.213	
Pop5	0.181	0.295	0.292	0.180	0.282	
Pop6	0.233	0.124	0.161	0.242	0.173	0.242	
Pop7	0.304	0.240	0.246	0.303	0.228	0.323	0.185	
CV error (K=8): 0.60526
Writing output files.
